<?xml version="1.0" encoding="UTF-8"?>
<!-- Generated by org.testng.reporters.JUnitReportReporter -->
<testsuite hostname="NOISUKHP" failures="0" tests="1" name="testController.TestController" time="36.554" errors="0" timestamp="2024-01-31T10:46:22 IST" skipped="0">
  <testcase classname="testController.TestController" name="TestCaseController" time="36.554"/>
  <system-out/>
</testsuite> <!-- testController.TestController -->
